TN:
SF:src\index.ts
FN:28,(anonymous_4)
FNF:1
FNH:0
FNDA:0,(anonymous_4)
DA:7,0
DA:25,0
DA:28,0
LF:3
LH:0
BRF:0
BRH:0
end_of_record
TN:
SF:src\cli\index.ts
FN:15,main
FN:23,(anonymous_2)
FN:40,(anonymous_3)
FN:62,(anonymous_4)
FN:80,(anonymous_5)
FN:91,(anonymous_6)
FN:99,(anonymous_7)
FN:104,(anonymous_8)
FN:110,(anonymous_9)
FNF:9
FNH:0
FNDA:0,main
FNDA:0,(anonymous_2)
FNDA:0,(anonymous_3)
FNDA:0,(anonymous_4)
FNDA:0,(anonymous_5)
FNDA:0,(anonymous_6)
FNDA:0,(anonymous_7)
FNDA:0,(anonymous_8)
FNDA:0,(anonymous_9)
DA:8,0
DA:9,0
DA:10,0
DA:11,0
DA:13,0
DA:16,0
DA:18,0
DA:23,0
DA:27,0
DA:33,0
DA:41,0
DA:42,0
DA:45,0
DA:46,0
DA:47,0
DA:48,0
DA:49,0
DA:52,0
DA:53,0
DA:58,0
DA:63,0
DA:64,0
DA:67,0
DA:68,0
DA:71,0
DA:72,0
DA:77,0
DA:81,0
DA:82,0
DA:83,0
DA:84,0
DA:85,0
DA:89,0
DA:91,0
DA:95,0
DA:99,0
DA:100,0
DA:101,0
DA:104,0
DA:105,0
DA:106,0
DA:110,0
DA:111,0
DA:112,0
LF:44
LH:0
BRF:0
BRH:0
end_of_record
TN:
SF:src\types\index.ts
FN:74,(anonymous_0)
FN:87,(anonymous_1)
FN:112,(anonymous_2)
FN:193,(anonymous_3)
FN:279,(anonymous_4)
FN:369,(anonymous_5)
FNF:6
FNH:6
FNDA:1,(anonymous_0)
FNDA:1,(anonymous_1)
FNDA:1,(anonymous_2)
FNDA:1,(anonymous_3)
FNDA:1,(anonymous_4)
FNDA:1,(anonymous_5)
DA:74,1
DA:75,1
DA:76,1
DA:77,1
DA:78,1
DA:87,1
DA:88,1
DA:89,1
DA:90,1
DA:91,1
DA:92,1
DA:93,1
DA:112,1
DA:113,1
DA:114,1
DA:115,1
DA:116,1
DA:193,1
DA:194,1
DA:195,1
DA:196,1
DA:197,1
DA:198,1
DA:199,1
DA:279,1
DA:280,1
DA:281,1
DA:282,1
DA:283,1
DA:369,1
DA:370,1
DA:371,1
DA:372,1
DA:373,1
DA:374,1
DA:375,1
LF:36
LH:36
BRDA:74,0,0,1
BRDA:74,0,1,1
BRDA:87,1,0,1
BRDA:87,1,1,1
BRDA:112,2,0,1
BRDA:112,2,1,1
BRDA:193,3,0,1
BRDA:193,3,1,1
BRDA:279,4,0,1
BRDA:279,4,1,1
BRDA:369,5,0,1
BRDA:369,5,1,1
BRF:12
BRH:12
end_of_record
TN:
SF:src\utils\logger.ts
FN:23,(anonymous_1)
FN:36,(anonymous_2)
FN:43,(anonymous_3)
FN:48,(anonymous_4)
FN:75,(anonymous_5)
FN:76,(anonymous_6)
FN:93,(anonymous_7)
FN:97,(anonymous_8)
FN:103,(anonymous_9)
FNF:9
FNH:8
FNDA:1,(anonymous_1)
FNDA:8,(anonymous_2)
FNDA:4,(anonymous_3)
FNDA:1,(anonymous_4)
FNDA:6,(anonymous_5)
FNDA:1,(anonymous_6)
FNDA:1,(anonymous_7)
FNDA:0,(anonymous_8)
FNDA:4,(anonymous_9)
DA:6,1
DA:7,1
DA:8,1
DA:18,1
DA:24,1
DA:33,1
DA:37,8
DA:38,1
DA:40,8
DA:44,4
DA:45,4
DA:49,1
DA:52,1
DA:53,1
DA:62,1
DA:63,0
DA:64,0
DA:70,1
DA:75,6
DA:76,1
DA:90,1
DA:94,1
DA:98,0
DA:103,4
DA:104,1
LF:25
LH:22
BRDA:23,0,0,1
BRDA:25,1,0,1
BRDA:25,1,1,1
BRDA:37,2,0,1
BRDA:37,2,1,7
BRDA:52,3,0,1
BRDA:52,3,1,0
BRDA:55,4,0,1
BRDA:55,4,1,0
BRDA:62,5,0,0
BRDA:62,5,1,1
BRF:11
BRH:8
end_of_record
