TN:
SF:src\index.ts
FN:28,(anonymous_4)
FNF:1
FNH:0
FNDA:0,(anonymous_4)
DA:7,0
DA:25,0
DA:28,0
LF:3
LH:0
BRF:0
BRH:0
end_of_record
TN:
SF:src\cli\index.ts
FN:19,main
FN:29,(anonymous_11)
FN:50,(anonymous_12)
FN:169,(anonymous_13)
FN:188,(anonymous_14)
FN:235,(anonymous_15)
FN:256,(anonymous_16)
FN:279,(anonymous_17)
FN:296,(anonymous_18)
FN:332,(anonymous_19)
FNF:10
FNH:0
FNDA:0,main
FNDA:0,(anonymous_11)
FNDA:0,(anonymous_12)
FNDA:0,(anonymous_13)
FNDA:0,(anonymous_14)
FNDA:0,(anonymous_15)
FNDA:0,(anonymous_16)
FNDA:0,(anonymous_17)
FNDA:0,(anonymous_18)
FNDA:0,(anonymous_19)
DA:8,0
DA:9,0
DA:10,0
DA:11,0
DA:12,0
DA:13,0
DA:14,0
DA:15,0
DA:17,0
DA:20,0
DA:22,0
DA:24,0
DA:29,0
DA:33,0
DA:39,0
DA:51,0
DA:52,0
DA:53,0
DA:55,0
DA:56,0
DA:57,0
DA:60,0
DA:61,0
DA:62,0
DA:66,0
DA:67,0
DA:68,0
DA:69,0
DA:70,0
DA:71,0
DA:74,0
DA:75,0
DA:76,0
DA:78,0
DA:85,0
DA:86,0
DA:87,0
DA:88,0
DA:89,0
DA:90,0
DA:91,0
DA:94,0
DA:95,0
DA:96,0
DA:99,0
DA:100,0
DA:101,0
DA:103,0
DA:114,0
DA:115,0
DA:120,0
DA:121,0
DA:123,0
DA:124,0
DA:125,0
DA:127,0
DA:130,0
DA:131,0
DA:132,0
DA:135,0
DA:136,0
DA:137,0
DA:142,0
DA:143,0
DA:144,0
DA:145,0
DA:149,0
DA:150,0
DA:151,0
DA:156,0
DA:157,0
DA:158,0
DA:159,0
DA:164,0
DA:165,0
DA:166,0
DA:168,0
DA:169,0
DA:170,0
DA:171,0
DA:172,0
DA:173,0
DA:174,0
DA:175,0
DA:182,0
DA:183,0
DA:184,0
DA:186,0
DA:187,0
DA:188,0
DA:189,0
DA:190,0
DA:196,0
DA:197,0
DA:198,0
DA:199,0
DA:200,0
DA:201,0
DA:203,0
DA:204,0
DA:205,0
DA:206,0
DA:207,0
DA:210,0
DA:213,0
DA:214,0
DA:217,0
DA:218,0
DA:221,0
DA:222,0
DA:225,0
DA:226,0
DA:235,0
DA:236,0
DA:237,0
DA:241,0
DA:242,0
DA:243,0
DA:248,0
DA:257,0
DA:258,0
DA:259,0
DA:261,0
DA:262,0
DA:266,0
DA:267,0
DA:278,0
DA:279,0
DA:280,0
DA:281,0
DA:283,0
DA:287,0
DA:288,0
DA:293,0
DA:297,0
DA:298,0
DA:300,0
DA:301,0
DA:302,0
DA:303,0
DA:305,0
DA:306,0
DA:307,0
DA:308,0
DA:309,0
DA:310,0
DA:311,0
DA:312,0
DA:314,0
DA:315,0
DA:316,0
DA:317,0
DA:318,0
DA:321,0
DA:322,0
DA:323,0
DA:327,0
DA:330,0
DA:331,0
DA:332,0
DA:333,0
DA:334,0
DA:337,0
LF:163
LH:0
BRDA:68,0,0,0
BRDA:68,0,1,0
BRDA:87,1,0,0
BRDA:87,1,1,0
BRDA:99,2,0,0
BRDA:99,2,1,0
BRDA:135,3,0,0
BRDA:135,3,1,0
BRDA:149,4,0,0
BRDA:149,4,1,0
BRDA:159,5,0,0
BRDA:159,5,1,0
BRDA:164,6,0,0
BRDA:164,6,1,0
BRDA:170,7,0,0
BRDA:170,7,1,0
BRDA:174,8,0,0
BRDA:174,8,1,0
BRDA:182,9,0,0
BRDA:182,9,1,0
BRDA:182,10,0,0
BRDA:182,10,1,0
BRDA:189,11,0,0
BRDA:189,11,1,0
BRDA:203,12,0,0
BRDA:203,12,1,0
BRDA:213,13,0,0
BRDA:213,13,1,0
BRDA:217,14,0,0
BRDA:217,14,1,0
BRDA:225,15,0,0
BRDA:225,15,1,0
BRDA:230,16,0,0
BRDA:230,16,1,0
BRDA:231,17,0,0
BRDA:231,17,1,0
BRDA:232,18,0,0
BRDA:232,18,1,0
BRDA:242,19,0,0
BRDA:242,19,1,0
BRDA:278,20,0,0
BRDA:278,20,1,0
BRDA:287,21,0,0
BRDA:287,21,1,0
BRDA:330,22,0,0
BRDA:330,22,1,0
BRF:46
BRH:0
end_of_record
TN:
SF:src\core\services\compatibility-engine.ts
FN:139,(anonymous_0)
FN:167,(anonymous_1)
FN:233,(anonymous_2)
FN:254,(anonymous_3)
FN:292,(anonymous_4)
FN:324,(anonymous_5)
FN:355,(anonymous_6)
FN:387,(anonymous_7)
FN:412,(anonymous_8)
FN:441,(anonymous_9)
FN:456,(anonymous_10)
FN:494,(anonymous_11)
FN:502,(anonymous_12)
FN:505,(anonymous_13)
FN:508,(anonymous_14)
FN:511,(anonymous_15)
FN:520,(anonymous_16)
FN:528,(anonymous_17)
FN:542,(anonymous_18)
FN:563,(anonymous_19)
FN:587,(anonymous_20)
FN:605,(anonymous_21)
FN:628,(anonymous_22)
FN:629,(anonymous_23)
FN:635,(anonymous_24)
FN:636,(anonymous_25)
FN:652,(anonymous_26)
FN:677,(anonymous_27)
FN:702,(anonymous_28)
FN:718,createCompatibilityEngine
FNF:30
FNH:0
FNDA:0,(anonymous_0)
FNDA:0,(anonymous_1)
FNDA:0,(anonymous_2)
FNDA:0,(anonymous_3)
FNDA:0,(anonymous_4)
FNDA:0,(anonymous_5)
FNDA:0,(anonymous_6)
FNDA:0,(anonymous_7)
FNDA:0,(anonymous_8)
FNDA:0,(anonymous_9)
FNDA:0,(anonymous_10)
FNDA:0,(anonymous_11)
FNDA:0,(anonymous_12)
FNDA:0,(anonymous_13)
FNDA:0,(anonymous_14)
FNDA:0,(anonymous_15)
FNDA:0,(anonymous_16)
FNDA:0,(anonymous_17)
FNDA:0,(anonymous_18)
FNDA:0,(anonymous_19)
FNDA:0,(anonymous_20)
FNDA:0,(anonymous_21)
FNDA:0,(anonymous_22)
FNDA:0,(anonymous_23)
FNDA:0,(anonymous_24)
FNDA:0,(anonymous_25)
FNDA:0,(anonymous_26)
FNDA:0,(anonymous_27)
FNDA:0,(anonymous_28)
FNDA:0,createCompatibilityEngine
DA:15,0
DA:20,0
DA:21,0
DA:26,0
DA:133,0
DA:134,0
DA:143,0
DA:145,0
DA:146,0
DA:147,0
DA:148,0
DA:149,0
DA:150,0
DA:152,0
DA:172,0
DA:173,0
DA:175,0
DA:177,0
DA:180,0
DA:183,0
DA:186,0
DA:189,0
DA:192,0
DA:195,0
DA:198,0
DA:201,0
DA:203,0
DA:205,0
DA:221,0
DA:222,0
DA:225,0
DA:226,0
DA:235,0
DA:236,0
DA:239,0
DA:240,0
DA:243,0
DA:244,0
DA:246,0
DA:248,0
DA:259,0
DA:260,0
DA:261,0
DA:263,0
DA:267,0
DA:268,0
DA:271,0
DA:272,0
DA:276,0
DA:277,0
DA:281,0
DA:282,0
DA:286,0
DA:297,0
DA:298,0
DA:300,0
DA:302,0
DA:305,0
DA:308,0
DA:311,0
DA:314,0
DA:317,0
DA:329,0
DA:331,0
DA:334,0
DA:335,0
DA:336,0
DA:340,0
DA:341,0
DA:345,0
DA:346,0
DA:349,0
DA:360,0
DA:362,0
DA:363,0
DA:364,0
DA:367,0
DA:368,0
DA:369,0
DA:373,0
DA:374,0
DA:377,0
DA:378,0
DA:381,0
DA:392,0
DA:394,0
DA:395,0
DA:396,0
DA:397,0
DA:400,0
DA:401,0
DA:402,0
DA:403,0
DA:406,0
DA:417,0
DA:419,0
DA:422,0
DA:425,0
DA:428,0
DA:431,0
DA:434,0
DA:442,0
DA:444,0
DA:445,0
DA:446,0
DA:450,0
DA:467,0
DA:469,0
DA:470,0
DA:471,0
DA:472,0
DA:474,0
DA:475,0
DA:476,0
DA:478,0
DA:488,0
DA:500,0
DA:502,0
DA:503,0
DA:505,0
DA:506,0
DA:508,0
DA:509,0
DA:511,0
DA:512,0
DA:514,0
DA:526,0
DA:528,0
DA:530,0
DA:531,0
DA:532,0
DA:533,0
DA:534,0
DA:536,0
DA:561,0
DA:563,0
DA:565,0
DA:566,0
DA:567,0
DA:568,0
DA:570,0
DA:571,0
DA:581,0
DA:588,0
DA:590,0
DA:591,0
DA:592,0
DA:593,0
DA:594,0
DA:599,0
DA:620,0
DA:623,0
DA:624,0
DA:625,0
DA:628,0
DA:629,0
DA:635,0
DA:636,0
DA:638,0
DA:639,0
DA:646,0
DA:664,0
DA:665,0
DA:667,0
DA:668,0
DA:669,0
DA:671,0
DA:672,0
DA:677,0
DA:678,0
DA:679,0
DA:680,0
DA:683,0
DA:684,0
DA:685,0
DA:687,0
DA:689,0
DA:703,0
DA:718,0
DA:719,0
LF:180
LH:0
BRDA:157,0,0,0
BRDA:157,0,1,0
BRDA:158,1,0,0
BRDA:158,1,1,0
BRDA:159,2,0,0
BRDA:159,2,1,0
BRDA:170,3,0,0
BRDA:201,4,0,0
BRDA:201,4,1,0
BRDA:207,5,0,0
BRDA:207,5,1,0
BRDA:208,6,0,0
BRDA:208,6,1,0
BRDA:209,7,0,0
BRDA:209,7,1,0
BRDA:226,8,0,0
BRDA:226,8,1,0
BRDA:236,9,0,0
BRDA:236,9,1,0
BRDA:240,10,0,0
BRDA:240,10,1,0
BRDA:246,11,0,0
BRDA:246,11,1,0
BRDA:246,12,0,0
BRDA:246,12,1,0
BRDA:259,13,0,0
BRDA:259,13,1,0
BRDA:259,14,0,0
BRDA:259,14,1,0
BRDA:260,15,0,0
BRDA:260,15,1,0
BRDA:260,16,0,0
BRDA:260,16,1,0
BRDA:267,17,0,0
BRDA:267,17,1,0
BRDA:267,18,0,0
BRDA:267,18,1,0
BRDA:271,19,0,0
BRDA:271,19,1,0
BRDA:271,20,0,0
BRDA:271,20,1,0
BRDA:276,21,0,0
BRDA:276,21,1,0
BRDA:276,22,0,0
BRDA:276,22,1,0
BRDA:281,23,0,0
BRDA:281,23,1,0
BRDA:281,24,0,0
BRDA:281,24,1,0
BRDA:300,25,0,0
BRDA:300,25,1,0
BRDA:300,25,2,0
BRDA:300,25,3,0
BRDA:300,25,4,0
BRDA:300,25,5,0
BRDA:329,26,0,0
BRDA:329,26,1,0
BRDA:334,27,0,0
BRDA:334,27,1,0
BRDA:334,28,0,0
BRDA:334,28,1,0
BRDA:340,29,0,0
BRDA:340,29,1,0
BRDA:340,30,0,0
BRDA:340,30,1,0
BRDA:345,31,0,0
BRDA:345,31,1,0
BRDA:345,32,0,0
BRDA:345,32,1,0
BRDA:349,33,0,0
BRDA:349,33,1,0
BRDA:362,34,0,0
BRDA:362,34,1,0
BRDA:367,35,0,0
BRDA:367,35,1,0
BRDA:373,36,0,0
BRDA:373,36,1,0
BRDA:373,37,0,0
BRDA:373,37,1,0
BRDA:377,38,0,0
BRDA:377,38,1,0
BRDA:377,39,0,0
BRDA:377,39,1,0
BRDA:381,40,0,0
BRDA:381,40,1,0
BRDA:394,41,0,0
BRDA:394,41,1,0
BRDA:400,42,0,0
BRDA:400,42,1,0
BRDA:406,43,0,0
BRDA:406,43,1,0
BRDA:417,44,0,0
BRDA:417,44,1,0
BRDA:417,44,2,0
BRDA:417,44,3,0
BRDA:417,44,4,0
BRDA:417,44,5,0
BRDA:474,45,0,0
BRDA:474,45,1,0
BRDA:474,46,0,0
BRDA:474,46,1,0
BRDA:500,47,0,0
BRDA:500,47,1,0
BRDA:503,48,0,0
BRDA:503,48,1,0
BRDA:506,49,0,0
BRDA:506,49,1,0
BRDA:509,50,0,0
BRDA:509,50,1,0
BRDA:512,51,0,0
BRDA:512,51,1,0
BRDA:526,52,0,0
BRDA:526,52,1,0
BRDA:530,53,0,0
BRDA:530,53,1,0
BRDA:531,54,0,0
BRDA:531,54,1,0
BRDA:532,55,0,0
BRDA:532,55,1,0
BRDA:533,56,0,0
BRDA:533,56,1,0
BRDA:534,57,0,0
BRDA:534,57,1,0
BRDA:566,58,0,0
BRDA:566,58,1,0
BRDA:570,59,0,0
BRDA:570,59,1,0
BRDA:570,60,0,0
BRDA:570,60,1,0
BRDA:593,61,0,0
BRDA:593,61,1,0
BRDA:624,62,0,0
BRDA:624,62,1,0
BRDA:638,63,0,0
BRDA:638,63,1,0
BRDA:638,64,0,0
BRDA:638,64,1,0
BRDA:668,65,0,0
BRDA:668,65,1,0
BRDA:684,66,0,0
BRDA:684,66,1,0
BRF:141
BRH:0
end_of_record
TN:
SF:src\core\services\license-database.ts
FN:16,(anonymous_0)
FN:21,(anonymous_1)
FN:31,(anonymous_2)
FN:48,(anonymous_3)
FN:56,(anonymous_4)
FN:62,(anonymous_5)
FN:68,(anonymous_6)
FN:70,(anonymous_7)
FN:71,(anonymous_8)
FN:77,(anonymous_9)
FN:79,(anonymous_10)
FN:85,(anonymous_11)
FN:93,(anonymous_12)
FN:101,(anonymous_13)
FN:439,(anonymous_14)
FN:529,getLicenseDatabase
FNF:16
FNH:0
FNDA:0,(anonymous_0)
FNDA:0,(anonymous_1)
FNDA:0,(anonymous_2)
FNDA:0,(anonymous_3)
FNDA:0,(anonymous_4)
FNDA:0,(anonymous_5)
FNDA:0,(anonymous_6)
FNDA:0,(anonymous_7)
FNDA:0,(anonymous_8)
FNDA:0,(anonymous_9)
FNDA:0,(anonymous_10)
FNDA:0,(anonymous_11)
FNDA:0,(anonymous_12)
FNDA:0,(anonymous_13)
FNDA:0,(anonymous_14)
FNDA:0,getLicenseDatabase
DA:6,0
DA:11,0
DA:13,0
DA:14,0
DA:17,0
DA:18,0
DA:22,0
DA:23,0
DA:25,0
DA:33,0
DA:34,0
DA:37,0
DA:38,0
DA:39,0
DA:42,0
DA:49,0
DA:50,0
DA:52,0
DA:53,0
DA:56,0
DA:58,0
DA:62,0
DA:69,0
DA:70,0
DA:71,0
DA:78,0
DA:79,0
DA:86,0
DA:87,0
DA:94,0
DA:95,0
DA:102,0
DA:431,0
DA:432,0
DA:440,0
DA:520,0
DA:521,0
DA:529,0
DA:530,0
LF:39
LH:0
BRDA:22,0,0,0
BRDA:22,0,1,0
BRDA:34,1,0,0
BRDA:34,1,1,0
BRDA:38,2,0,0
BRDA:38,2,1,0
BRDA:53,3,0,0
BRDA:53,3,1,0
BRDA:54,4,0,0
BRDA:54,4,1,0
BRDA:54,4,2,0
BRDA:87,5,0,0
BRDA:87,5,1,0
BRDA:95,6,0,0
BRDA:95,6,1,0
BRF:15
BRH:0
end_of_record
TN:
SF:src\core\services\license-detector.ts
FN:112,(anonymous_0)
FN:179,(anonymous_1)
FN:211,(anonymous_2)
FN:245,(anonymous_3)
FN:266,(anonymous_4)
FN:301,(anonymous_5)
FN:326,(anonymous_6)
FN:335,(anonymous_7)
FN:340,(anonymous_8)
FN:342,(anonymous_9)
FN:346,(anonymous_10)
FN:352,(anonymous_11)
FN:369,(anonymous_12)
FN:422,(anonymous_13)
FN:482,(anonymous_14)
FN:516,(anonymous_15)
FN:547,(anonymous_16)
FN:548,(anonymous_17)
FN:557,(anonymous_18)
FN:566,(anonymous_19)
FN:585,(anonymous_20)
FN:601,createLicenseDetector
FNF:22
FNH:0
FNDA:0,(anonymous_0)
FNDA:0,(anonymous_1)
FNDA:0,(anonymous_2)
FNDA:0,(anonymous_3)
FNDA:0,(anonymous_4)
FNDA:0,(anonymous_5)
FNDA:0,(anonymous_6)
FNDA:0,(anonymous_7)
FNDA:0,(anonymous_8)
FNDA:0,(anonymous_9)
FNDA:0,(anonymous_10)
FNDA:0,(anonymous_11)
FNDA:0,(anonymous_12)
FNDA:0,(anonymous_13)
FNDA:0,(anonymous_14)
FNDA:0,(anonymous_15)
FNDA:0,(anonymous_16)
FNDA:0,(anonymous_17)
FNDA:0,(anonymous_18)
FNDA:0,(anonymous_19)
FNDA:0,(anonymous_20)
FNDA:0,createLicenseDetector
DA:6,0
DA:7,0
DA:15,0
DA:16,0
DA:17,0
DA:22,0
DA:40,0
DA:106,0
DA:107,0
DA:116,0
DA:117,0
DA:119,0
DA:121,0
DA:124,0
DA:127,0
DA:130,0
DA:133,0
DA:136,0
DA:139,0
DA:142,0
DA:144,0
DA:146,0
DA:167,0
DA:168,0
DA:171,0
DA:172,0
DA:180,0
DA:183,0
DA:186,0
DA:187,0
DA:188,0
DA:192,0
DA:197,0
DA:198,0
DA:199,0
DA:200,0
DA:201,0
DA:205,0
DA:215,0
DA:217,0
DA:219,0
DA:220,0
DA:222,0
DA:223,0
DA:224,0
DA:225,0
DA:227,0
DA:228,0
DA:239,0
DA:246,0
DA:248,0
DA:249,0
DA:250,0
DA:251,0
DA:252,0
DA:260,0
DA:270,0
DA:272,0
DA:274,0
DA:276,0
DA:277,0
DA:279,0
DA:280,0
DA:281,0
DA:284,0
DA:285,0
DA:286,0
DA:287,0
DA:295,0
DA:305,0
DA:308,0
DA:309,0
DA:313,0
DA:314,0
DA:315,0
DA:316,0
DA:320,0
DA:330,0
DA:331,0
DA:334,0
DA:335,0
DA:336,0
DA:340,0
DA:341,0
DA:342,0
DA:346,0
DA:353,0
DA:355,0
DA:356,0
DA:357,0
DA:358,0
DA:363,0
DA:370,0
DA:413,0
DA:423,0
DA:426,0
DA:427,0
DA:429,0
DA:430,0
DA:432,0
DA:433,0
DA:435,0
DA:436,0
DA:438,0
DA:439,0
DA:441,0
DA:442,0
DA:444,0
DA:445,0
DA:447,0
DA:448,0
DA:453,0
DA:454,0
DA:456,0
DA:457,0
DA:459,0
DA:460,0
DA:462,0
DA:463,0
DA:465,0
DA:466,0
DA:471,0
DA:472,0
DA:473,0
DA:474,0
DA:475,0
DA:476,0
DA:498,0
DA:501,0
DA:502,0
DA:510,0
DA:511,0
DA:512,0
DA:513,0
DA:516,0
DA:522,0
DA:523,0
DA:524,0
DA:533,0
DA:534,0
DA:541,0
DA:548,0
DA:551,0
DA:554,0
DA:557,0
DA:558,0
DA:560,0
DA:570,0
DA:571,0
DA:573,0
DA:574,0
DA:576,0
DA:577,0
DA:579,0
DA:586,0
DA:601,0
DA:602,0
LF:157
LH:0
BRDA:114,0,0,0
BRDA:152,1,0,0
BRDA:152,1,1,0
BRDA:172,2,0,0
BRDA:172,2,1,0
BRDA:180,3,0,0
BRDA:180,3,1,0
BRDA:187,4,0,0
BRDA:187,4,1,0
BRDA:200,5,0,0
BRDA:200,5,1,0
BRDA:217,6,0,0
BRDA:217,6,1,0
BRDA:227,7,0,0
BRDA:227,7,1,0
BRDA:249,8,0,0
BRDA:249,8,1,0
BRDA:251,9,0,0
BRDA:251,9,1,0
BRDA:272,10,0,0
BRDA:272,10,1,0
BRDA:286,11,0,0
BRDA:286,11,1,0
BRDA:286,12,0,0
BRDA:286,12,1,0
BRDA:308,13,0,0
BRDA:308,13,1,0
BRDA:315,14,0,0
BRDA:315,14,1,0
BRDA:315,15,0,0
BRDA:315,15,1,0
BRDA:315,16,0,0
BRDA:315,16,1,0
BRDA:330,17,0,0
BRDA:330,17,1,0
BRDA:331,18,0,0
BRDA:331,18,1,0
BRDA:334,19,0,0
BRDA:334,19,1,0
BRDA:336,20,0,0
BRDA:336,20,1,0
BRDA:341,21,0,0
BRDA:341,21,1,0
BRDA:342,22,0,0
BRDA:342,22,1,0
BRDA:342,23,0,0
BRDA:342,23,1,0
BRDA:346,24,0,0
BRDA:346,24,1,0
BRDA:346,25,0,0
BRDA:346,25,1,0
BRDA:357,26,0,0
BRDA:357,26,1,0
BRDA:427,27,0,0
BRDA:427,27,1,0
BRDA:427,27,2,0
BRDA:427,27,3,0
BRDA:427,27,4,0
BRDA:427,27,5,0
BRDA:427,27,6,0
BRDA:454,28,0,0
BRDA:454,28,1,0
BRDA:454,28,2,0
BRDA:454,28,3,0
BRDA:471,29,0,0
BRDA:471,29,1,0
BRDA:472,30,0,0
BRDA:472,30,1,0
BRDA:473,31,0,0
BRDA:473,31,1,0
BRDA:474,32,0,0
BRDA:474,32,1,0
BRDA:475,33,0,0
BRDA:475,33,1,0
BRDA:501,34,0,0
BRDA:501,34,1,0
BRDA:510,35,0,0
BRDA:510,35,1,0
BRDA:512,36,0,0
BRDA:512,36,1,0
BRDA:523,37,0,0
BRDA:523,37,1,0
BRDA:523,38,0,0
BRDA:523,38,1,0
BRDA:533,39,0,0
BRDA:533,39,1,0
BRDA:533,40,0,0
BRDA:533,40,1,0
BRDA:554,41,0,0
BRDA:554,41,1,0
BRDA:554,42,0,0
BRDA:554,42,1,0
BRDA:558,43,0,0
BRDA:558,43,1,0
BRDA:570,44,0,0
BRDA:570,44,1,0
BRDA:570,45,0,0
BRDA:570,45,1,0
BRDA:573,46,0,0
BRDA:573,46,1,0
BRDA:576,47,0,0
BRDA:576,47,1,0
BRF:102
BRH:0
end_of_record
TN:
SF:src\core\services\license-intelligence.ts
FN:30,(anonymous_0)
FN:37,(anonymous_1)
FN:56,(anonymous_2)
FN:70,(anonymous_3)
FN:95,(anonymous_4)
FN:114,(anonymous_5)
FN:145,(anonymous_6)
FN:207,(anonymous_7)
FN:251,(anonymous_8)
FN:302,(anonymous_9)
FN:340,(anonymous_10)
FN:380,(anonymous_11)
FN:392,(anonymous_12)
FN:425,(anonymous_13)
FN:426,(anonymous_14)
FN:440,(anonymous_15)
FN:458,(anonymous_16)
FN:470,(anonymous_17)
FN:471,(anonymous_18)
FN:488,(anonymous_19)
FN:520,(anonymous_20)
FN:533,(anonymous_21)
FN:534,(anonymous_22)
FN:545,(anonymous_23)
FN:546,(anonymous_24)
FN:563,(anonymous_25)
FN:572,(anonymous_26)
FN:573,(anonymous_27)
FN:608,(anonymous_28)
FN:643,(anonymous_29)
FN:663,(anonymous_30)
FN:695,(anonymous_31)
FN:712,(anonymous_32)
FN:742,(anonymous_33)
FN:756,(anonymous_34)
FN:762,(anonymous_35)
FN:765,(anonymous_36)
FN:782,(anonymous_37)
FN:804,createLicenseIntelligenceService
FNF:39
FNH:0
FNDA:0,(anonymous_0)
FNDA:0,(anonymous_1)
FNDA:0,(anonymous_2)
FNDA:0,(anonymous_3)
FNDA:0,(anonymous_4)
FNDA:0,(anonymous_5)
FNDA:0,(anonymous_6)
FNDA:0,(anonymous_7)
FNDA:0,(anonymous_8)
FNDA:0,(anonymous_9)
FNDA:0,(anonymous_10)
FNDA:0,(anonymous_11)
FNDA:0,(anonymous_12)
FNDA:0,(anonymous_13)
FNDA:0,(anonymous_14)
FNDA:0,(anonymous_15)
FNDA:0,(anonymous_16)
FNDA:0,(anonymous_17)
FNDA:0,(anonymous_18)
FNDA:0,(anonymous_19)
FNDA:0,(anonymous_20)
FNDA:0,(anonymous_21)
FNDA:0,(anonymous_22)
FNDA:0,(anonymous_23)
FNDA:0,(anonymous_24)
FNDA:0,(anonymous_25)
FNDA:0,(anonymous_26)
FNDA:0,(anonymous_27)
FNDA:0,(anonymous_28)
FNDA:0,(anonymous_29)
FNDA:0,(anonymous_30)
FNDA:0,(anonymous_31)
FNDA:0,(anonymous_32)
FNDA:0,(anonymous_33)
FNDA:0,(anonymous_34)
FNDA:0,(anonymous_35)
FNDA:0,(anonymous_36)
FNDA:0,(anonymous_37)
FNDA:0,createLicenseIntelligenceService
DA:18,0
DA:19,0
DA:20,0
DA:21,0
DA:26,0
DA:27,0
DA:28,0
DA:31,0
DA:41,0
DA:43,0
DA:44,0
DA:45,0
DA:46,0
DA:48,0
DA:49,0
DA:60,0
DA:61,0
DA:63,0
DA:64,0
DA:67,0
DA:68,0
DA:69,0
DA:70,0
DA:71,0
DA:73,0
DA:74,0
DA:75,0
DA:77,0
DA:82,0
DA:83,0
DA:85,0
DA:87,0
DA:88,0
DA:99,0
DA:101,0
DA:102,0
DA:103,0
DA:104,0
DA:106,0
DA:107,0
DA:118,0
DA:119,0
DA:121,0
DA:123,0
DA:126,0
DA:132,0
DA:133,0
DA:135,0
DA:137,0
DA:138,0
DA:149,0
DA:150,0
DA:152,0
DA:154,0
DA:155,0
DA:162,0
DA:163,0
DA:166,0
DA:169,0
DA:172,0
DA:175,0
DA:178,0
DA:180,0
DA:194,0
DA:195,0
DA:197,0
DA:199,0
DA:200,0
DA:211,0
DA:212,0
DA:214,0
DA:216,0
DA:219,0
DA:221,0
DA:223,0
DA:224,0
DA:226,0
DA:227,0
DA:229,0
DA:230,0
DA:232,0
DA:233,0
DA:235,0
DA:238,0
DA:239,0
DA:241,0
DA:243,0
DA:244,0
DA:263,0
DA:264,0
DA:266,0
DA:268,0
DA:275,0
DA:278,0
DA:279,0
DA:281,0
DA:282,0
DA:291,0
DA:293,0
DA:302,0
DA:303,0
DA:304,0
DA:313,0
DA:315,0
DA:325,0
DA:326,0
DA:328,0
DA:330,0
DA:332,0
DA:333,0
DA:344,0
DA:347,0
DA:348,0
DA:350,0
DA:351,0
DA:353,0
DA:354,0
DA:356,0
DA:357,0
DA:359,0
DA:360,0
DA:362,0
DA:363,0
DA:365,0
DA:366,0
DA:371,0
DA:374,0
DA:381,0
DA:382,0
DA:383,0
DA:384,0
DA:385,0
DA:386,0
DA:410,0
DA:413,0
DA:414,0
DA:425,0
DA:426,0
DA:428,0
DA:429,0
DA:440,0
DA:441,0
DA:442,0
DA:452,0
DA:467,0
DA:470,0
DA:471,0
DA:474,0
DA:475,0
DA:482,0
DA:499,0
DA:501,0
DA:502,0
DA:503,0
DA:504,0
DA:514,0
DA:531,0
DA:533,0
DA:534,0
DA:537,0
DA:538,0
DA:545,0
DA:546,0
DA:549,0
DA:550,0
DA:557,0
DA:572,0
DA:573,0
DA:575,0
DA:576,0
DA:577,0
DA:579,0
DA:580,0
DA:581,0
DA:582,0
DA:585,0
DA:586,0
DA:587,0
DA:588,0
DA:591,0
DA:592,0
DA:593,0
DA:594,0
DA:597,0
DA:612,0
DA:614,0
DA:615,0
DA:618,0
DA:619,0
DA:620,0
DA:622,0
DA:623,0
DA:625,0
DA:626,0
DA:627,0
DA:629,0
DA:630,0
DA:633,0
DA:634,0
DA:635,0
DA:638,0
DA:641,0
DA:642,0
DA:643,0
DA:645,0
DA:646,0
DA:649,0
DA:653,0
DA:654,0
DA:657,0
DA:667,0
DA:668,0
DA:669,0
DA:670,0
DA:672,0
DA:673,0
DA:676,0
DA:677,0
DA:679,0
DA:680,0
DA:682,0
DA:683,0
DA:685,0
DA:686,0
DA:689,0
DA:692,0
DA:694,0
DA:695,0
DA:698,0
DA:701,0
DA:702,0
DA:705,0
DA:706,0
DA:716,0
DA:718,0
DA:719,0
DA:722,0
DA:723,0
DA:725,0
DA:726,0
DA:728,0
DA:729,0
DA:731,0
DA:732,0
DA:735,0
DA:738,0
DA:739,0
DA:741,0
DA:742,0
DA:746,0
DA:747,0
DA:750,0
DA:760,0
DA:762,0
DA:765,0
DA:776,0
DA:785,0
DA:787,0
DA:788,0
DA:790,0
DA:791,0
DA:794,0
DA:797,0
DA:804,0
DA:805,0
LF:265
LH:0
BRDA:74,0,0,0
BRDA:74,0,1,0
BRDA:182,1,0,0
BRDA:182,1,1,0
BRDA:183,2,0,0
BRDA:183,2,1,0
BRDA:221,3,0,0
BRDA:221,3,1,0
BRDA:221,3,2,0
BRDA:221,3,3,0
BRDA:221,3,4,0
BRDA:281,4,0,0
BRDA:281,4,1,0
BRDA:291,5,0,0
BRDA:291,5,1,0
BRDA:291,6,0,0
BRDA:291,6,1,0
BRDA:303,7,0,0
BRDA:303,7,1,0
BRDA:313,8,0,0
BRDA:313,8,1,0
BRDA:313,9,0,0
BRDA:313,9,1,0
BRDA:348,10,0,0
BRDA:348,10,1,0
BRDA:348,10,2,0
BRDA:348,10,3,0
BRDA:348,10,4,0
BRDA:348,10,5,0
BRDA:381,11,0,0
BRDA:381,11,1,0
BRDA:382,12,0,0
BRDA:382,12,1,0
BRDA:383,13,0,0
BRDA:383,13,1,0
BRDA:384,14,0,0
BRDA:384,14,1,0
BRDA:385,15,0,0
BRDA:385,15,1,0
BRDA:413,16,0,0
BRDA:413,16,1,0
BRDA:428,17,0,0
BRDA:428,17,1,0
BRDA:441,18,0,0
BRDA:441,18,1,0
BRDA:474,19,0,0
BRDA:474,19,1,0
BRDA:503,20,0,0
BRDA:503,20,1,0
BRDA:537,21,0,0
BRDA:537,21,1,0
BRDA:549,22,0,0
BRDA:549,22,1,0
BRDA:579,23,0,0
BRDA:579,23,1,0
BRDA:579,24,0,0
BRDA:579,24,1,0
BRDA:585,25,0,0
BRDA:585,25,1,0
BRDA:587,26,0,0
BRDA:587,26,1,0
BRDA:591,27,0,0
BRDA:591,27,1,0
BRDA:591,28,0,0
BRDA:591,28,1,0
BRDA:593,29,0,0
BRDA:593,29,1,0
BRDA:593,30,0,0
BRDA:593,30,1,0
BRDA:614,31,0,0
BRDA:614,31,1,0
BRDA:622,32,0,0
BRDA:622,32,1,0
BRDA:633,33,0,0
BRDA:633,33,1,0
BRDA:633,34,0,0
BRDA:633,34,1,0
BRDA:645,35,0,0
BRDA:645,35,1,0
BRDA:645,36,0,0
BRDA:645,36,1,0
BRDA:653,37,0,0
BRDA:653,37,1,0
BRDA:672,38,0,0
BRDA:672,38,1,0
BRDA:679,39,0,0
BRDA:679,39,1,0
BRDA:701,40,0,0
BRDA:701,40,1,0
BRDA:718,41,0,0
BRDA:718,41,1,0
BRDA:725,42,0,0
BRDA:725,42,1,0
BRDA:746,43,0,0
BRDA:746,43,1,0
BRDA:788,44,0,0
BRDA:788,44,1,0
BRDA:790,45,0,0
BRDA:790,45,1,0
BRF:99
BRH:0
end_of_record
TN:
SF:src\core\services\package-discovery.ts
FN:37,(anonymous_0)
FN:69,(anonymous_1)
FN:71,(anonymous_2)
FN:73,(anonymous_3)
FN:75,(anonymous_4)
FN:77,(anonymous_5)
FN:79,(anonymous_6)
FN:81,(anonymous_7)
FN:83,(anonymous_8)
FN:97,(anonymous_9)
FN:108,(anonymous_10)
FN:164,(anonymous_11)
FN:204,(anonymous_12)
FN:247,(anonymous_13)
FN:282,(anonymous_14)
FN:339,(anonymous_15)
FN:398,(anonymous_16)
FN:417,(anonymous_17)
FN:443,createPackageDiscoveryService
FNF:19
FNH:18
FNDA:11,(anonymous_0)
FNDA:7,(anonymous_1)
FNDA:7,(anonymous_2)
FNDA:7,(anonymous_3)
FNDA:12,(anonymous_4)
FNDA:7,(anonymous_5)
FNDA:14,(anonymous_6)
FNDA:7,(anonymous_7)
FNDA:15,(anonymous_8)
FNDA:11,(anonymous_9)
FNDA:10,(anonymous_10)
FNDA:7,(anonymous_11)
FNDA:0,(anonymous_12)
FNDA:7,(anonymous_13)
FNDA:7,(anonymous_14)
FNDA:7,(anonymous_15)
FNDA:7,(anonymous_16)
FNDA:30,(anonymous_17)
FNDA:11,createPackageDiscoveryService
DA:6,1
DA:7,1
DA:8,1
DA:9,1
DA:20,1
DA:26,1
DA:27,11
DA:41,11
DA:42,11
DA:44,11
DA:46,11
DA:49,10
DA:52,7
DA:55,7
DA:57,7
DA:58,7
DA:60,7
DA:70,7
DA:71,7
DA:74,7
DA:75,12
DA:78,7
DA:79,14
DA:82,7
DA:83,15
DA:89,4
DA:90,4
DA:98,11
DA:99,11
DA:101,1
DA:114,10
DA:117,10
DA:118,10
DA:120,10
DA:121,10
DA:122,8
DA:124,3
DA:128,7
DA:129,7
DA:131,7
DA:132,25
DA:133,25
DA:134,25
DA:135,2
DA:136,2
DA:141,2
DA:148,7
DA:149,7
DA:151,7
DA:153,7
DA:169,7
DA:172,7
DA:173,0
DA:177,0
DA:178,0
DA:179,0
DA:184,7
DA:185,7
DA:186,7
DA:187,0
DA:188,0
DA:189,0
DA:190,0
DA:191,0
DA:198,7
DA:205,0
DA:208,0
DA:210,0
DA:211,0
DA:213,0
DA:214,0
DA:215,0
DA:216,0
DA:217,0
DA:218,0
DA:219,0
DA:220,0
DA:221,0
DA:232,0
DA:233,0
DA:234,0
DA:235,0
DA:241,0
DA:252,7
DA:255,7
DA:256,7
DA:257,7
DA:261,7
DA:262,0
DA:264,0
DA:265,0
DA:266,0
DA:267,0
DA:268,0
DA:271,0
DA:276,7
DA:287,7
DA:289,7
DA:290,7
DA:291,7
DA:294,7
DA:324,7
DA:326,7
DA:327,7
DA:329,7
DA:331,0
DA:332,0
DA:344,7
DA:347,7
DA:348,7
DA:349,10
DA:359,7
DA:360,2
DA:361,3
DA:371,7
DA:372,1
DA:373,1
DA:383,7
DA:384,1
DA:385,1
DA:402,7
DA:403,7
DA:406,7
DA:407,7
DA:414,7
DA:415,7
DA:417,30
DA:418,15
DA:426,15
DA:434,7
DA:436,7
DA:443,1
DA:444,11
LF:133
LH:97
BRDA:39,0,0,9
BRDA:70,1,0,7
BRDA:70,1,1,0
BRDA:74,2,0,7
BRDA:74,2,1,0
BRDA:78,3,0,7
BRDA:78,3,1,0
BRDA:82,4,0,7
BRDA:82,4,1,0
BRDA:90,5,0,4
BRDA:90,5,1,0
BRDA:151,6,0,0
BRDA:151,6,1,7
BRDA:172,7,0,0
BRDA:172,7,1,7
BRDA:173,8,0,0
BRDA:173,8,1,0
BRDA:175,9,0,0
BRDA:175,9,1,0
BRDA:188,10,0,0
BRDA:188,10,1,0
BRDA:208,11,0,0
BRDA:208,11,1,0
BRDA:216,12,0,0
BRDA:216,12,1,0
BRDA:256,13,0,7
BRDA:256,13,1,0
BRDA:261,14,0,0
BRDA:261,14,1,7
BRDA:261,15,0,7
BRDA:261,15,1,0
BRDA:267,16,0,0
BRDA:267,16,1,0
BRDA:295,17,0,7
BRDA:295,17,1,0
BRDA:296,18,0,7
BRDA:296,18,1,0
BRDA:297,19,0,7
BRDA:297,19,1,6
BRDA:303,20,0,7
BRDA:303,20,1,7
BRDA:304,21,0,7
BRDA:304,21,1,7
BRDA:308,22,0,7
BRDA:308,22,1,7
BRDA:309,23,0,7
BRDA:309,23,1,7
BRDA:347,24,0,7
BRDA:347,24,1,0
BRDA:359,25,0,2
BRDA:359,25,1,5
BRDA:359,26,0,7
BRDA:359,26,1,2
BRDA:371,27,0,1
BRDA:371,27,1,6
BRDA:383,28,0,1
BRDA:383,28,1,6
BRDA:417,29,0,15
BRDA:417,29,1,0
BRF:59
BRH:33
end_of_record
TN:
SF:src\core\services\vulnerability-scanner.ts
FN:27,(anonymous_0)
FN:35,(anonymous_1)
FN:43,(anonymous_2)
FN:76,(anonymous_3)
FN:89,(anonymous_4)
FN:102,(anonymous_5)
FN:116,(anonymous_6)
FN:117,(anonymous_7)
FN:118,(anonymous_8)
FN:120,(anonymous_9)
FN:121,(anonymous_10)
FN:135,(anonymous_11)
FN:136,(anonymous_12)
FN:138,(anonymous_13)
FN:139,(anonymous_14)
FN:141,(anonymous_15)
FN:143,(anonymous_16)
FN:148,(anonymous_17)
FN:161,(anonymous_18)
FN:173,(anonymous_19)
FN:181,(anonymous_20)
FN:206,(anonymous_21)
FN:222,(anonymous_22)
FN:232,(anonymous_23)
FN:244,(anonymous_24)
FN:253,(anonymous_25)
FN:253,(anonymous_26)
FN:269,(anonymous_27)
FN:280,(anonymous_28)
FN:287,(anonymous_29)
FN:347,(anonymous_30)
FN:374,(anonymous_31)
FN:377,(anonymous_32)
FN:391,(anonymous_33)
FN:409,(anonymous_34)
FN:420,(anonymous_35)
FN:421,(anonymous_36)
FN:422,(anonymous_37)
FN:430,createVulnerabilityScanner
FNF:39
FNH:34
FNDA:10,(anonymous_0)
FNDA:0,(anonymous_1)
FNDA:10,(anonymous_2)
FNDA:12,(anonymous_3)
FNDA:2,(anonymous_4)
FNDA:4,(anonymous_5)
FNDA:4,(anonymous_6)
FNDA:4,(anonymous_7)
FNDA:4,(anonymous_8)
FNDA:4,(anonymous_9)
FNDA:4,(anonymous_10)
FNDA:4,(anonymous_11)
FNDA:4,(anonymous_12)
FNDA:4,(anonymous_13)
FNDA:4,(anonymous_14)
FNDA:4,(anonymous_15)
FNDA:4,(anonymous_16)
FNDA:2,(anonymous_17)
FNDA:10,(anonymous_18)
FNDA:12,(anonymous_19)
FNDA:10,(anonymous_20)
FNDA:10,(anonymous_21)
FNDA:3,(anonymous_22)
FNDA:10,(anonymous_23)
FNDA:1,(anonymous_24)
FNDA:0,(anonymous_25)
FNDA:0,(anonymous_26)
FNDA:2,(anonymous_27)
FNDA:0,(anonymous_28)
FNDA:10,(anonymous_29)
FNDA:10,(anonymous_30)
FNDA:9,(anonymous_31)
FNDA:3,(anonymous_32)
FNDA:9,(anonymous_33)
FNDA:2,(anonymous_34)
FNDA:12,(anonymous_35)
FNDA:12,(anonymous_36)
FNDA:0,(anonymous_37)
FNDA:10,createVulnerabilityScanner
DA:6,1
DA:17,1
DA:22,1
DA:23,10
DA:24,10
DA:25,10
DA:28,10
DA:29,10
DA:36,0
DA:37,0
DA:47,10
DA:48,10
DA:50,10
DA:52,10
DA:55,10
DA:58,10
DA:61,10
DA:63,10
DA:64,10
DA:66,10
DA:76,12
DA:81,0
DA:82,0
DA:93,2
DA:94,2
DA:96,2
DA:98,2
DA:99,2
DA:101,2
DA:102,4
DA:103,2
DA:106,2
DA:107,4
DA:108,4
DA:110,0
DA:116,4
DA:117,2
DA:118,4
DA:120,2
DA:121,4
DA:124,2
DA:125,2
DA:127,2
DA:136,4
DA:139,4
DA:141,4
DA:143,4
DA:148,2
DA:153,0
DA:154,0
DA:165,10
DA:167,10
DA:168,0
DA:169,0
DA:173,10
DA:174,12
DA:175,12
DA:176,12
DA:181,11
DA:186,1
DA:187,1
DA:191,10
DA:193,10
DA:194,12
DA:195,12
DA:199,10
DA:200,10
DA:207,10
DA:209,10
DA:210,10
DA:211,10
DA:213,10
DA:215,1
DA:216,1
DA:218,9
DA:222,10
DA:224,3
DA:225,3
DA:234,10
DA:235,3
DA:238,7
DA:246,1
DA:247,1
DA:252,1
DA:253,0
DA:255,1
DA:269,2
DA:280,0
DA:296,10
DA:297,10
DA:300,10
DA:301,9
DA:302,9
DA:304,9
DA:312,10
DA:313,0
DA:314,0
DA:315,0
DA:323,10
DA:325,0
DA:326,0
DA:327,0
DA:336,10
DA:337,9
DA:338,8
DA:339,5
DA:341,10
DA:361,10
DA:363,10
DA:364,4
DA:370,4
DA:374,9
DA:375,6
DA:376,3
DA:377,3
DA:381,3
DA:390,6
DA:391,9
DA:394,6
DA:395,2
DA:403,6
DA:410,2
DA:411,2
DA:412,2
DA:414,2
DA:421,12
DA:422,12
DA:430,1
DA:431,10
LF:129
LH:112
BRDA:27,0,0,0
BRDA:45,1,0,6
BRDA:82,2,0,0
BRDA:82,2,1,0
BRDA:91,3,0,2
BRDA:107,4,0,4
BRDA:107,4,1,0
BRDA:142,5,0,2
BRDA:142,5,1,0
BRDA:154,6,0,0
BRDA:154,6,1,0
BRDA:167,7,0,0
BRDA:167,7,1,10
BRDA:194,8,0,12
BRDA:194,8,1,0
BRDA:213,9,0,1
BRDA:213,9,1,9
BRDA:234,10,0,3
BRDA:234,10,1,7
BRDA:238,11,0,7
BRDA:238,11,1,0
BRDA:247,12,0,1
BRDA:247,12,1,0
BRDA:252,13,0,1
BRDA:252,13,1,0
BRDA:252,14,0,1
BRDA:252,14,1,0
BRDA:260,15,0,1
BRDA:260,15,1,0
BRDA:264,16,0,1
BRDA:264,16,1,1
BRDA:264,17,0,1
BRDA:264,17,1,1
BRDA:267,18,0,1
BRDA:267,18,1,0
BRDA:268,19,0,1
BRDA:268,19,1,0
BRDA:271,20,0,1
BRDA:271,20,1,0
BRDA:271,21,0,1
BRDA:271,21,1,1
BRDA:273,22,0,0
BRDA:273,22,1,0
BRDA:275,23,0,1
BRDA:275,23,1,0
BRDA:276,24,0,1
BRDA:276,24,1,0
BRDA:276,24,2,0
BRDA:278,25,0,1
BRDA:278,25,1,0
BRDA:279,26,0,1
BRDA:279,26,1,0
BRDA:307,27,0,9
BRDA:307,27,1,7
BRDA:312,28,0,0
BRDA:312,28,1,10
BRDA:312,29,0,10
BRDA:312,29,1,0
BRDA:323,30,0,0
BRDA:323,30,1,10
BRDA:336,31,0,1
BRDA:336,31,1,9
BRDA:337,32,0,1
BRDA:337,32,1,8
BRDA:338,33,0,3
BRDA:338,33,1,5
BRDA:363,34,0,4
BRDA:363,34,1,6
BRDA:374,35,0,9
BRDA:374,35,1,9
BRDA:375,36,0,3
BRDA:375,36,1,3
BRDA:377,37,0,3
BRDA:377,37,1,0
BRDA:391,38,0,9
BRDA:391,38,1,2
BRDA:391,38,2,2
BRDA:394,39,0,2
BRDA:394,39,1,4
BRDA:430,40,0,0
BRF:80
BRH:51
end_of_record
TN:
SF:src\integrations\security\github-advisory.ts
FN:33,(anonymous_0)
FN:43,(anonymous_1)
FN:56,(anonymous_2)
FN:100,(anonymous_3)
FN:106,(anonymous_4)
FN:153,(anonymous_5)
FN:172,(anonymous_6)
FN:199,(anonymous_7)
FN:211,(anonymous_8)
FN:235,(anonymous_9)
FN:241,(anonymous_10)
FN:250,(anonymous_11)
FN:266,createGitHubAdvisoryDataSource
FNF:13
FNH:0
FNDA:0,(anonymous_0)
FNDA:0,(anonymous_1)
FNDA:0,(anonymous_2)
FNDA:0,(anonymous_3)
FNDA:0,(anonymous_4)
FNDA:0,(anonymous_5)
FNDA:0,(anonymous_6)
FNDA:0,(anonymous_7)
FNDA:0,(anonymous_8)
FNDA:0,(anonymous_9)
FNDA:0,(anonymous_10)
FNDA:0,(anonymous_11)
FNDA:0,createGitHubAdvisoryDataSource
DA:6,0
DA:7,0
DA:15,0
DA:21,0
DA:22,0
DA:23,0
DA:24,0
DA:26,0
DA:27,0
DA:28,0
DA:30,0
DA:31,0
DA:33,0
DA:37,0
DA:44,0
DA:45,0
DA:46,0
DA:48,0
DA:49,0
DA:57,0
DA:59,0
DA:60,0
DA:63,0
DA:69,0
DA:71,0
DA:72,0
DA:75,0
DA:76,0
DA:78,0
DA:79,0
DA:80,0
DA:81,0
DA:82,0
DA:85,0
DA:89,0
DA:90,0
DA:92,0
DA:93,0
DA:104,0
DA:106,0
DA:107,0
DA:110,0
DA:111,0
DA:115,0
DA:118,0
DA:122,0
DA:125,0
DA:143,0
DA:145,0
DA:146,0
DA:154,0
DA:156,0
DA:158,0
DA:161,0
DA:163,0
DA:165,0
DA:173,0
DA:176,0
DA:177,0
DA:184,0
DA:185,0
DA:186,0
DA:193,0
DA:200,0
DA:206,0
DA:207,0
DA:210,0
DA:211,0
DA:213,0
DA:214,0
DA:215,0
DA:221,0
DA:222,0
DA:223,0
DA:226,0
DA:228,0
DA:236,0
DA:237,0
DA:239,0
DA:240,0
DA:241,0
DA:244,0
DA:255,0
DA:266,0
DA:270,0
LF:85
LH:0
BRDA:33,0,0,0
BRDA:65,1,0,0
BRDA:65,1,1,0
BRDA:71,2,0,0
BRDA:71,2,1,0
BRDA:81,3,0,0
BRDA:81,3,1,0
BRDA:110,4,0,0
BRDA:110,4,1,0
BRDA:118,5,0,0
BRDA:118,5,1,0
BRDA:122,6,0,0
BRDA:122,6,1,0
BRDA:138,7,0,0
BRDA:138,7,1,0
BRDA:154,8,0,0
BRDA:154,8,1,0
BRDA:154,8,2,0
BRDA:154,8,3,0
BRDA:154,8,4,0
BRDA:154,8,5,0
BRDA:176,9,0,0
BRDA:176,9,1,0
BRDA:184,10,0,0
BRDA:184,10,1,0
BRDA:206,11,0,0
BRDA:206,11,1,0
BRDA:222,12,0,0
BRDA:222,12,1,0
BRDA:222,13,0,0
BRDA:222,13,1,0
BRDA:239,14,0,0
BRDA:239,14,1,0
BRDA:266,15,0,0
BRF:34
BRH:0
end_of_record
TN:
SF:src\types\index.ts
FN:97,(anonymous_4)
FN:110,(anonymous_5)
FN:135,(anonymous_6)
FN:216,(anonymous_7)
FN:302,(anonymous_8)
FN:392,(anonymous_9)
FNF:6
FNH:6
FNDA:2,(anonymous_4)
FNDA:2,(anonymous_5)
FNDA:2,(anonymous_6)
FNDA:2,(anonymous_7)
FNDA:2,(anonymous_8)
FNDA:2,(anonymous_9)
DA:97,2
DA:98,2
DA:99,2
DA:100,2
DA:101,2
DA:110,2
DA:111,2
DA:112,2
DA:113,2
DA:114,2
DA:115,2
DA:116,2
DA:135,2
DA:136,2
DA:137,2
DA:138,2
DA:139,2
DA:216,2
DA:217,2
DA:218,2
DA:219,2
DA:220,2
DA:221,2
DA:222,2
DA:302,2
DA:303,2
DA:304,2
DA:305,2
DA:306,2
DA:392,2
DA:393,2
DA:394,2
DA:395,2
DA:396,2
DA:397,2
DA:398,2
DA:576,2
LF:37
LH:37
BRDA:97,0,0,2
BRDA:97,0,1,2
BRDA:110,1,0,2
BRDA:110,1,1,2
BRDA:135,2,0,2
BRDA:135,2,1,2
BRDA:216,3,0,2
BRDA:216,3,1,2
BRDA:302,4,0,2
BRDA:302,4,1,2
BRDA:392,5,0,2
BRDA:392,5,1,2
BRF:12
BRH:12
end_of_record
TN:
SF:src\types\license.ts
FN:9,(anonymous_0)
FN:22,(anonymous_1)
FN:33,(anonymous_2)
FN:45,(anonymous_3)
FNF:4
FNH:4
FNDA:2,(anonymous_0)
FNDA:2,(anonymous_1)
FNDA:2,(anonymous_2)
FNDA:2,(anonymous_3)
DA:9,2
DA:10,2
DA:11,2
DA:12,2
DA:13,2
DA:14,2
DA:15,2
DA:16,2
DA:22,2
DA:23,2
DA:24,2
DA:25,2
DA:26,2
DA:27,2
DA:33,2
DA:34,2
DA:35,2
DA:36,2
DA:37,2
DA:38,2
DA:39,2
DA:45,2
DA:46,2
DA:47,2
DA:48,2
DA:49,2
DA:50,2
DA:51,2
DA:52,2
DA:53,2
LF:30
LH:30
BRDA:9,0,0,2
BRDA:9,0,1,2
BRDA:22,1,0,2
BRDA:22,1,1,2
BRDA:33,2,0,2
BRDA:33,2,1,2
BRDA:45,3,0,2
BRDA:45,3,1,2
BRF:8
BRH:8
end_of_record
TN:
SF:src\utils\logger.ts
FN:23,(anonymous_1)
FN:36,(anonymous_2)
FN:43,(anonymous_3)
FN:48,(anonymous_4)
FN:75,(anonymous_5)
FN:76,(anonymous_6)
FN:93,(anonymous_7)
FN:97,(anonymous_8)
FN:103,(anonymous_9)
FNF:9
FNH:8
FNDA:3,(anonymous_1)
FNDA:12,(anonymous_2)
FNDA:6,(anonymous_3)
FNDA:3,(anonymous_4)
FNDA:18,(anonymous_5)
FNDA:3,(anonymous_6)
FNDA:3,(anonymous_7)
FNDA:0,(anonymous_8)
FNDA:6,(anonymous_9)
DA:6,3
DA:7,3
DA:8,3
DA:18,3
DA:24,3
DA:33,3
DA:37,12
DA:38,3
DA:40,12
DA:44,6
DA:45,6
DA:49,3
DA:52,3
DA:53,3
DA:62,3
DA:63,0
DA:64,0
DA:70,3
DA:75,18
DA:76,3
DA:90,3
DA:94,3
DA:98,0
DA:103,6
DA:104,3
LF:25
LH:22
BRDA:23,0,0,3
BRDA:25,1,0,3
BRDA:25,1,1,3
BRDA:37,2,0,3
BRDA:37,2,1,9
BRDA:52,3,0,3
BRDA:52,3,1,0
BRDA:55,4,0,3
BRDA:55,4,1,0
BRDA:62,5,0,0
BRDA:62,5,1,3
BRF:11
BRH:8
end_of_record
